android/app/build/intermediates/manifest_merge_blame_file/debug/manifest-merger-blame-debug-report.txt
1<?xml version="1.0" encoding="utf-8"?>
2<manifest xmlns:android="http://schemas.android.com/apk/res/android"
3    package="com.catstracker"
4    android:versionCode="1"
5    android:versionName="1.0" >
6
7    <uses-sdk
8        android:minSdkVersion="16"
9        android:targetSdkVersion="28" />
10
11    <uses-permission android:name="android.permission.SYSTEM_ALERT_WINDOW" />
11-->src/debug/AndroidManifest.xml:5:5-77
11-->src/debug/AndroidManifest.xml:5:22-75
12    <uses-permission android:name="android.permission.INTERNET" />
12-->src/main/AndroidManifest.xml:4:5-67
12-->src/main/AndroidManifest.xml:4:22-64
13    <uses-permission android:name="android.permission.ACCESS_WIFI_STATE" />
13-->[com.facebook.flipper:flipper:0.33.1] AndroidManifest.xml:16:5-76
13-->[com.facebook.flipper:flipper:0.33.1] AndroidManifest.xml:16:22-73
14    <uses-permission android:name="android.permission.WAKE_LOCK" />
14-->[:react-native-firebase_messaging] AndroidManifest.xml:12:5-68
14-->[:react-native-firebase_messaging] AndroidManifest.xml:12:22-65
15    <uses-permission android:name="android.permission.ACCESS_NETWORK_STATE" />
15-->[:react-native-firebase_messaging] AndroidManifest.xml:13:5-79
15-->[:react-native-firebase_messaging] AndroidManifest.xml:13:22-76
16    <uses-permission android:name="android.permission.ACCESS_COARSE_LOCATION" />
16-->[:react-native-maps] AndroidManifest.xml:10:5-81
16-->[:react-native-maps] AndroidManifest.xml:10:22-78
17
18    <uses-feature
18-->[com.google.android.gms:play-services-maps:17.0.0] AndroidManifest.xml:26:5-28:35
19        android:glEsVersion="0x00020000"
19-->[com.google.android.gms:play-services-maps:17.0.0] AndroidManifest.xml:27:9-41
20        android:required="true" /> <!-- Required by older versions of Google Play services to create IID tokens -->
20-->[com.google.android.gms:play-services-maps:17.0.0] AndroidManifest.xml:28:9-32
21    <uses-permission android:name="com.google.android.c2dm.permission.RECEIVE" />
21-->[com.google.firebase:firebase-iid:20.0.1] AndroidManifest.xml:26:5-82
21-->[com.google.firebase:firebase-iid:20.0.1] AndroidManifest.xml:26:22-79
22    <uses-permission android:name="com.google.android.finsky.permission.BIND_GET_INSTALL_REFERRER_SERVICE" />
22-->[com.google.android.gms:play-services-measurement:17.2.1] AndroidManifest.xml:26:5-110
22-->[com.google.android.gms:play-services-measurement:17.2.1] AndroidManifest.xml:26:22-107
23
24    <application
24-->src/main/AndroidManifest.xml:6:5-25:19
25        android:name="com.catstracker.MainApplication"
25-->src/main/AndroidManifest.xml:7:7-38
26        android:allowBackup="false"
26-->src/main/AndroidManifest.xml:11:7-34
27        android:appComponentFactory="androidx.core.app.CoreComponentFactory"
27-->[androidx.core:core:1.1.0] AndroidManifest.xml:24:18-86
28        android:debuggable="true"
29        android:icon="@mipmap/ic_launcher"
29-->src/main/AndroidManifest.xml:9:7-41
30        android:label="@string/app_name"
30-->src/main/AndroidManifest.xml:8:7-39
31        android:roundIcon="@mipmap/ic_launcher_round"
31-->src/main/AndroidManifest.xml:10:7-52
32        android:testOnly="true"
33        android:theme="@style/AppTheme"
33-->src/main/AndroidManifest.xml:12:7-38
34        android:usesCleartextTraffic="true" >
34-->src/debug/AndroidManifest.xml:7:18-53
35        <activity
35-->src/main/AndroidManifest.xml:13:7-23:18
36            android:name="com.catstracker.MainActivity"
36-->src/main/AndroidManifest.xml:14:9-37
37            android:configChanges="keyboard|keyboardHidden|orientation|screenSize|uiMode"
37-->src/main/AndroidManifest.xml:16:9-86
38            android:label="@string/app_name"
38-->src/main/AndroidManifest.xml:15:9-41
39            android:launchMode="singleTask"
39-->src/main/AndroidManifest.xml:17:9-40
40            android:windowSoftInputMode="adjustResize" >
40-->src/main/AndroidManifest.xml:18:9-51
41            <intent-filter>
41-->src/main/AndroidManifest.xml:19:9-22:25
42                <action android:name="android.intent.action.MAIN" />
42-->src/main/AndroidManifest.xml:20:13-65
42-->src/main/AndroidManifest.xml:20:21-62
43
44                <category android:name="android.intent.category.LAUNCHER" />
44-->src/main/AndroidManifest.xml:21:13-73
44-->src/main/AndroidManifest.xml:21:23-70
45            </intent-filter>
46        </activity>
47        <activity android:name="com.facebook.react.devsupport.DevSettingsActivity" />
47-->src/main/AndroidManifest.xml:24:7-84
47-->src/main/AndroidManifest.xml:24:17-81
48
49        <service android:name="io.invertase.firebase.messaging.ReactNativeFirebaseMessagingHeadlessService" />
49-->[:react-native-firebase_messaging] AndroidManifest.xml:16:9-111
49-->[:react-native-firebase_messaging] AndroidManifest.xml:16:18-108
50        <service
50-->[:react-native-firebase_messaging] AndroidManifest.xml:17:9-23:19
51            android:name="io.invertase.firebase.messaging.ReactNativeFirebaseMessagingService"
51-->[:react-native-firebase_messaging] AndroidManifest.xml:18:13-95
52            android:exported="false" >
52-->[:react-native-firebase_messaging] AndroidManifest.xml:19:13-37
53            <intent-filter>
53-->[:react-native-firebase_messaging] AndroidManifest.xml:20:13-22:29
54                <action android:name="com.google.firebase.MESSAGING_EVENT" />
54-->[:react-native-firebase_messaging] AndroidManifest.xml:21:17-78
54-->[:react-native-firebase_messaging] AndroidManifest.xml:21:25-75
55            </intent-filter>
56        </service>
57
58        <receiver
58-->[:react-native-firebase_messaging] AndroidManifest.xml:25:9-32:20
59            android:name="io.invertase.firebase.messaging.ReactNativeFirebaseMessagingReceiver"
59-->[:react-native-firebase_messaging] AndroidManifest.xml:26:13-96
60            android:exported="true"
60-->[:react-native-firebase_messaging] AndroidManifest.xml:27:13-36
61            android:permission="com.google.android.c2dm.permission.SEND" >
61-->[:react-native-firebase_messaging] AndroidManifest.xml:28:13-73
62            <intent-filter>
62-->[:react-native-firebase_messaging] AndroidManifest.xml:29:13-31:29
63                <action android:name="com.google.android.c2dm.intent.RECEIVE" />
63-->[:react-native-firebase_messaging] AndroidManifest.xml:30:17-81
63-->[:react-native-firebase_messaging] AndroidManifest.xml:30:25-78
64            </intent-filter>
65        </receiver>
66
67        <meta-data
67-->[:react-native-firebase_messaging] AndroidManifest.xml:34:9-36:36
68            android:name="firebase_messaging_auto_init_enabled"
68-->[:react-native-firebase_messaging] AndroidManifest.xml:35:13-64
69            android:value="true" />
69-->[:react-native-firebase_messaging] AndroidManifest.xml:36:13-33
70        <meta-data
70-->[:react-native-firebase_messaging] AndroidManifest.xml:37:9-39:32
71            android:name="com.google.firebase.messaging.default_notification_channel_id"
71-->[:react-native-firebase_messaging] AndroidManifest.xml:38:13-89
72            android:value="" />
72-->[:react-native-firebase_messaging] AndroidManifest.xml:39:13-29
73        <meta-data
73-->[:react-native-firebase_messaging] AndroidManifest.xml:40:9-42:47
74            android:name="com.google.firebase.messaging.default_notification_color"
74-->[:react-native-firebase_messaging] AndroidManifest.xml:41:13-84
75            android:resource="@color/white" />
75-->[:react-native-firebase_messaging] AndroidManifest.xml:42:13-44
76
77        <provider
77-->[:react-native-image-picker] AndroidManifest.xml:10:9-18:20
78            android:name="com.imagepicker.FileProvider"
78-->[:react-native-image-picker] AndroidManifest.xml:11:13-56
79            android:authorities="com.catstracker.provider"
79-->[:react-native-image-picker] AndroidManifest.xml:12:13-60
80            android:exported="false"
80-->[:react-native-image-picker] AndroidManifest.xml:13:13-37
81            android:grantUriPermissions="true" >
81-->[:react-native-image-picker] AndroidManifest.xml:14:13-47
82            <meta-data
82-->[:react-native-image-picker] AndroidManifest.xml:15:13-17:58
83                android:name="android.support.FILE_PROVIDER_PATHS"
83-->[:react-native-image-picker] AndroidManifest.xml:16:17-67
84                android:resource="@xml/provider_paths" />
84-->[:react-native-image-picker] AndroidManifest.xml:17:17-55
85        </provider> <!-- Needs to be explicitly declared on P+ -->
86        <uses-library
86-->[com.google.android.gms:play-services-maps:17.0.0] AndroidManifest.xml:33:9-35:40
87            android:name="org.apache.http.legacy"
87-->[com.google.android.gms:play-services-maps:17.0.0] AndroidManifest.xml:34:13-50
88            android:required="false" />
88-->[com.google.android.gms:play-services-maps:17.0.0] AndroidManifest.xml:35:13-37
89        <!--
90             FirebaseMessagingService performs security checks at runtime,
91             but set to not exported to explicitly avoid allowing another app to call it.
92        -->
93        <service
93-->[com.google.firebase:firebase-messaging:20.0.1] AndroidManifest.xml:28:9-34:19
94            android:name="com.google.firebase.messaging.FirebaseMessagingService"
94-->[com.google.firebase:firebase-messaging:20.0.1] AndroidManifest.xml:29:13-82
95            android:exported="false" >
95-->[com.google.firebase:firebase-messaging:20.0.1] AndroidManifest.xml:30:13-37
96            <intent-filter android:priority="-500" >
96-->[:react-native-firebase_messaging] AndroidManifest.xml:20:13-22:29
97                <action android:name="com.google.firebase.MESSAGING_EVENT" />
97-->[:react-native-firebase_messaging] AndroidManifest.xml:21:17-78
97-->[:react-native-firebase_messaging] AndroidManifest.xml:21:25-75
98            </intent-filter>
99        </service>
100        <service
100-->[com.google.android.gms:play-services-measurement-api:17.2.1] AndroidManifest.xml:27:9-33:19
101            android:name="com.google.firebase.components.ComponentDiscoveryService"
101-->[com.google.android.gms:play-services-measurement-api:17.2.1] AndroidManifest.xml:28:13-84
102            android:directBootAware="true"
102-->[com.google.firebase:firebase-common:19.2.0] AndroidManifest.xml:15:13-43
103            android:exported="false" >
103-->[com.google.android.gms:play-services-measurement-api:17.2.1] AndroidManifest.xml:29:13-37
104            <meta-data
104-->[com.google.android.gms:play-services-measurement-api:17.2.1] AndroidManifest.xml:30:13-32:85
105                android:name="com.google.firebase.components:com.google.firebase.analytics.connector.internal.AnalyticsConnectorRegistrar"
105-->[com.google.android.gms:play-services-measurement-api:17.2.1] AndroidManifest.xml:31:17-139
106                android:value="com.google.firebase.components.ComponentRegistrar" />
106-->[com.google.android.gms:play-services-measurement-api:17.2.1] AndroidManifest.xml:32:17-82
107            <meta-data
107-->[com.google.firebase:firebase-iid:20.0.1] AndroidManifest.xml:32:13-34:85
108                android:name="com.google.firebase.components:com.google.firebase.iid.Registrar"
108-->[com.google.firebase:firebase-iid:20.0.1] AndroidManifest.xml:33:17-96
109                android:value="com.google.firebase.components.ComponentRegistrar" />
109-->[com.google.firebase:firebase-iid:20.0.1] AndroidManifest.xml:34:17-82
110        </service>
111
112        <receiver
112-->[com.google.firebase:firebase-iid:20.0.1] AndroidManifest.xml:37:9-44:20
113            android:name="com.google.firebase.iid.FirebaseInstanceIdReceiver"
113-->[com.google.firebase:firebase-iid:20.0.1] AndroidManifest.xml:38:13-78
114            android:exported="true"
114-->[com.google.firebase:firebase-iid:20.0.1] AndroidManifest.xml:39:13-36
115            android:permission="com.google.android.c2dm.permission.SEND" >
115-->[com.google.firebase:firebase-iid:20.0.1] AndroidManifest.xml:40:13-73
116            <intent-filter>
116-->[:react-native-firebase_messaging] AndroidManifest.xml:29:13-31:29
117                <action android:name="com.google.android.c2dm.intent.RECEIVE" />
117-->[:react-native-firebase_messaging] AndroidManifest.xml:30:17-81
117-->[:react-native-firebase_messaging] AndroidManifest.xml:30:25-78
118            </intent-filter>
119        </receiver>
120
121        <activity
121-->[com.google.android.gms:play-services-base:17.0.0] AndroidManifest.xml:23:9-26:75
122            android:name="com.google.android.gms.common.api.GoogleApiActivity"
122-->[com.google.android.gms:play-services-base:17.0.0] AndroidManifest.xml:24:13-79
123            android:exported="false"
123-->[com.google.android.gms:play-services-base:17.0.0] AndroidManifest.xml:25:13-37
124            android:theme="@android:style/Theme.Translucent.NoTitleBar" />
124-->[com.google.android.gms:play-services-base:17.0.0] AndroidManifest.xml:26:13-72
125
126        <provider
126-->[com.google.firebase:firebase-common:19.2.0] AndroidManifest.xml:19:9-23:39
127            android:name="com.google.firebase.provider.FirebaseInitProvider"
127-->[com.google.firebase:firebase-common:19.2.0] AndroidManifest.xml:20:13-77
128            android:authorities="com.catstracker.firebaseinitprovider"
128-->[com.google.firebase:firebase-common:19.2.0] AndroidManifest.xml:21:13-72
129            android:exported="false"
129-->[com.google.firebase:firebase-common:19.2.0] AndroidManifest.xml:22:13-37
130            android:initOrder="100" />
130-->[com.google.firebase:firebase-common:19.2.0] AndroidManifest.xml:23:13-36
131
132        <receiver
132-->[com.google.android.gms:play-services-measurement:17.2.1] AndroidManifest.xml:29:9-33:20
133            android:name="com.google.android.gms.measurement.AppMeasurementReceiver"
133-->[com.google.android.gms:play-services-measurement:17.2.1] AndroidManifest.xml:30:13-85
134            android:enabled="true"
134-->[com.google.android.gms:play-services-measurement:17.2.1] AndroidManifest.xml:31:13-35
135            android:exported="false" >
135-->[com.google.android.gms:play-services-measurement:17.2.1] AndroidManifest.xml:32:13-37
136        </receiver>
137        <receiver
137-->[com.google.android.gms:play-services-measurement:17.2.1] AndroidManifest.xml:34:9-42:20
138            android:name="com.google.android.gms.measurement.AppMeasurementInstallReferrerReceiver"
138-->[com.google.android.gms:play-services-measurement:17.2.1] AndroidManifest.xml:35:13-100
139            android:enabled="true"
139-->[com.google.android.gms:play-services-measurement:17.2.1] AndroidManifest.xml:36:13-35
140            android:exported="true"
140-->[com.google.android.gms:play-services-measurement:17.2.1] AndroidManifest.xml:37:13-36
141            android:permission="android.permission.INSTALL_PACKAGES" >
141-->[com.google.android.gms:play-services-measurement:17.2.1] AndroidManifest.xml:38:13-69
142            <intent-filter>
142-->[com.google.android.gms:play-services-measurement:17.2.1] AndroidManifest.xml:39:13-41:29
143                <action android:name="com.android.vending.INSTALL_REFERRER" />
143-->[com.google.android.gms:play-services-measurement:17.2.1] AndroidManifest.xml:40:17-79
143-->[com.google.android.gms:play-services-measurement:17.2.1] AndroidManifest.xml:40:25-76
144            </intent-filter>
145        </receiver>
146
147        <service
147-->[com.google.android.gms:play-services-measurement:17.2.1] AndroidManifest.xml:44:9-47:40
148            android:name="com.google.android.gms.measurement.AppMeasurementService"
148-->[com.google.android.gms:play-services-measurement:17.2.1] AndroidManifest.xml:45:13-84
149            android:enabled="true"
149-->[com.google.android.gms:play-services-measurement:17.2.1] AndroidManifest.xml:46:13-35
150            android:exported="false" />
150-->[com.google.android.gms:play-services-measurement:17.2.1] AndroidManifest.xml:47:13-37
151        <service
151-->[com.google.android.gms:play-services-measurement:17.2.1] AndroidManifest.xml:48:9-52:72
152            android:name="com.google.android.gms.measurement.AppMeasurementJobService"
152-->[com.google.android.gms:play-services-measurement:17.2.1] AndroidManifest.xml:49:13-87
153            android:enabled="true"
153-->[com.google.android.gms:play-services-measurement:17.2.1] AndroidManifest.xml:50:13-35
154            android:exported="false"
154-->[com.google.android.gms:play-services-measurement:17.2.1] AndroidManifest.xml:51:13-37
155            android:permission="android.permission.BIND_JOB_SERVICE" />
155-->[com.google.android.gms:play-services-measurement:17.2.1] AndroidManifest.xml:52:13-69
156
157        <meta-data
157-->[com.google.android.gms:play-services-basement:17.0.0] AndroidManifest.xml:23:9-25:69
158            android:name="com.google.android.gms.version"
158-->[com.google.android.gms:play-services-basement:17.0.0] AndroidManifest.xml:24:13-58
159            android:value="@integer/google_play_services_version" />
159-->[com.google.android.gms:play-services-basement:17.0.0] AndroidManifest.xml:25:13-66
160    </application>
161
162</manifest>